<?xml version="1.0" encoding="UTF-8"?>
<!-- Generated by org.testng.reporters.JUnitReportReporter -->
<testsuite skipped="0" hostname="DESKTOP-FKI3VB5" name="test.OpenBrowser" tests="1" failures="0" timestamp="2022-04-08T15:03:01 IST" time="6.235" errors="0">
  <testcase name="test" time="6.235" classname="test.OpenBrowser"/>
</testsuite> <!-- test.OpenBrowser -->
